Using pre-set license
Built from '2020.3/release' branch; Version is '2020.3.12f1 (b3b2c6512326) revision 11776710'; Using compiler version '192528614'; Build Type 'Release'
OS: 'Windows 10 Home; OS build 19043.1348; Version 2009; 64bit' Language: 'ja' Physical Memory: 32669 MB
BatchMode: 1, IsHumanControllingUs: 0, StartBugReporterOnCrash: 0, Is64bit: 1, IsPro: 0

 COMMAND LINE ARGUMENTS:
C:\Program Files\Unity\Hub\Editor\2020.3.12f1\Editor\Unity.exe
-adb2
-batchMode
-noUpm
-name
AssetImportWorker0
-projectPath
D:/Documents/GitHub/Unity_JumperWireGame/JumperWireGame
-logFile
Logs/AssetImportWorker0.log
-srvPort
54258
Successfully changed project path to: D:/Documents/GitHub/Unity_JumperWireGame/JumperWireGame
D:/Documents/GitHub/Unity_JumperWireGame/JumperWireGame
Using Asset Import Pipeline V2.
Refreshing native plugins compatible for Editor in 25.37 ms, found 2 plugins.
Preloading 0 native plugins for Editor in 0.00 ms.
Initialize engine version: 2020.3.12f1 (b3b2c6512326)
[Subsystems] Discovering subsystems at path C:/Program Files/Unity/Hub/Editor/2020.3.12f1/Editor/Data/Resources/UnitySubsystems
[Subsystems] Discovering subsystems at path D:/Documents/GitHub/Unity_JumperWireGame/JumperWireGame/Assets
GfxDevice: creating device client; threaded=0
Direct3D:
    Version:  Direct3D 11.0 [level 11.1]
    Renderer: NVIDIA GeForce RTX 3070 (ID=0x2484)
    Vendor:   
    VRAM:     8043 MB
    Driver:   27.21.14.6172
Initialize mono
Mono path[0] = 'C:/Program Files/Unity/Hub/Editor/2020.3.12f1/Editor/Data/Managed'
Mono path[1] = 'C:/Program Files/Unity/Hub/Editor/2020.3.12f1/Editor/Data/MonoBleedingEdge/lib/mono/unityjit'
Mono config path = 'C:/Program Files/Unity/Hub/Editor/2020.3.12f1/Editor/Data/MonoBleedingEdge/etc'
Using monoOptions --debugger-agent=transport=dt_socket,embedding=1,server=y,suspend=n,address=127.0.0.1:56160
Begin MonoManager ReloadAssembly
Registering precompiled unity dll's ...
Register platform support module: C:/Program Files/Unity/Hub/Editor/2020.3.12f1/Editor/Data/PlaybackEngines/WebGLSupport/UnityEditor.WebGL.Extensions.dll
Register platform support module: C:/Program Files/Unity/Hub/Editor/2020.3.12f1/Editor/Data/PlaybackEngines/WindowsStandaloneSupport/UnityEditor.WindowsStandalone.Extensions.dll
Registered in 0.001768 seconds.
Native extension for WindowsStandalone target not found
Native extension for WebGL target not found
Refreshing native plugins compatible for Editor in 24.86 ms, found 2 plugins.
Preloading 0 native plugins for Editor in 0.00 ms.
Mono: successfully reloaded assembly
- Completed reload, in  0.779 seconds
Platform modules already initialized, skipping
Registering precompiled user dll's ...
Registered in 0.002487 seconds.
Begin MonoManager ReloadAssembly
Native extension for WindowsStandalone target not found
Native extension for WebGL target not found
Refreshing native plugins compatible for Editor in 0.32 ms, found 2 plugins.
Preloading 0 native plugins for Editor in 0.00 ms.
Mono: successfully reloaded assembly
- Completed reload, in  0.749 seconds
Platform modules already initialized, skipping
========================================================================
Worker process is ready to serve import requests
Launched and connected shader compiler UnityShaderCompiler.exe after 0.03 seconds
Refreshing native plugins compatible for Editor in 0.31 ms, found 2 plugins.
Preloading 0 native plugins for Editor in 0.00 ms.
Unloading 1778 Unused Serialized files (Serialized files now loaded: 0)
System memory in use before: 81.7 MB.
System memory in use after: 81.7 MB.

Unloading 19 unused Assets to reduce memory usage. Loaded Objects now: 2215.
Total: 1.601900 ms (FindLiveObjects: 0.168100 ms CreateObjectMapping: 0.062400 ms MarkObjects: 1.309600 ms  DeleteObjects: 0.061300 ms)

AssetImportParameters requested are different than current active one (requested -> active):
  custom:framework-win-MediaFoundation: 216162199b28c13a410421893ffa2e32 -> 
  custom:video-decoder-ogg-theora: a1e56fd34408186e4bbccfd4996cb3dc -> 
  custom:container-muxer-webm: aa71ff27fc2769a1b78a27578f13a17b -> 
  custom:container-demuxer-webm: 4f35f7cbe854078d1ac9338744f61a02 -> 
  custom:container-demuxer-ogg: 62fdf1f143b41e24485cea50d1cbac27 -> 
  custom:video-encoder-webm-vp8: eb34c28f22e8b96e1ab97ce403110664 -> 
  custom:video-decoder-webm-vp8: 9c59270c3fd7afecdb556c50c9e8de78 -> 
  custom:audio-decoder-ogg-vorbis: bf7c407c2cedff20999df2af8eb42d56 -> 
  custom:audio-encoder-webm-vorbis: bf7c407c2cedff20999df2af8eb42d56 -> 
========================================================================
Received Import Request.
  path: Assets/Materials/Floor.mat
  artifactKey: Guid(d55026191f0574a4d900e1a3603b1e0f) Importer(815301076,1909f56bfc062723c751e8b465ee728b)
Start importing Assets/Materials/Floor.mat using Guid(d55026191f0574a4d900e1a3603b1e0f) Importer(815301076,1909f56bfc062723c751e8b465ee728b)  -> (artifact id: '194f67c6e2e4c08f4729948dcedb1275') in 0.064251 seconds 
  Import took 0.066315 seconds .

========================================================================
Received Import Request.
  Time since last request: 0.000184 seconds.
  path: Assets/Materials/Pipe.mat
  artifactKey: Guid(054a76541b4aa4f4bbef1142aa5fd150) Importer(815301076,1909f56bfc062723c751e8b465ee728b)
Start importing Assets/Materials/Pipe.mat using Guid(054a76541b4aa4f4bbef1142aa5fd150) Importer(815301076,1909f56bfc062723c751e8b465ee728b)  -> (artifact id: 'ee2ebf51aa35257878b790dcda9f385f') in 0.005176 seconds 
  Import took 0.007198 seconds .

========================================================================
Received Import Request.
  Time since last request: 0.000182 seconds.
  path: Assets/Materials/IN.mat
  artifactKey: Guid(5435ac1cfa001604c938ecb1eccad8bd) Importer(815301076,1909f56bfc062723c751e8b465ee728b)
Start importing Assets/Materials/IN.mat using Guid(5435ac1cfa001604c938ecb1eccad8bd) Importer(815301076,1909f56bfc062723c751e8b465ee728b)  -> (artifact id: '7df38b9b1daa86f1e9778e8dcd5137c1') in 0.004478 seconds 
  Import took 0.006554 seconds .

========================================================================
Received Import Request.
  Time since last request: 0.000215 seconds.
  path: Assets/Materials/OUT.mat
  artifactKey: Guid(d4a625ef71daaf94397e5c51fda509b5) Importer(815301076,1909f56bfc062723c751e8b465ee728b)
Start importing Assets/Materials/OUT.mat using Guid(d4a625ef71daaf94397e5c51fda509b5) Importer(815301076,1909f56bfc062723c751e8b465ee728b)  -> (artifact id: 'a577799dddacc59c11c110b06aaaf676') in 0.004770 seconds 
  Import took 0.006811 seconds .

========================================================================
Received Import Request.
  Time since last request: 116.608339 seconds.
  path: Assets/Materials/Wire test
  artifactKey: Guid(ff1b94f5a67f70349997946f06a6edd6) Importer(815301076,1909f56bfc062723c751e8b465ee728b)
Start importing Assets/Materials/Wire test using Guid(ff1b94f5a67f70349997946f06a6edd6) Importer(815301076,1909f56bfc062723c751e8b465ee728b)  -> (artifact id: '4ceb0de4b01af240eaf0f0f4069391de') in 0.001181 seconds 
  Import took 0.003472 seconds .

========================================================================
Received Import Request.
  Time since last request: 8.801439 seconds.
  path: Assets/Materials/Wiretest
  artifactKey: Guid(ff1b94f5a67f70349997946f06a6edd6) Importer(815301076,1909f56bfc062723c751e8b465ee728b)
Start importing Assets/Materials/Wiretest using Guid(ff1b94f5a67f70349997946f06a6edd6) Importer(815301076,1909f56bfc062723c751e8b465ee728b)  -> (artifact id: '5a095d726eecc0bbf924cbcd1a279eb1') in 0.001149 seconds 
  Import took 0.003619 seconds .

========================================================================
Received Import Request.
  Time since last request: 2.799067 seconds.
  path: Assets/Materials/Wiretest/Floor.mat
  artifactKey: Guid(d55026191f0574a4d900e1a3603b1e0f) Importer(815301076,1909f56bfc062723c751e8b465ee728b)
Start importing Assets/Materials/Wiretest/Floor.mat using Guid(d55026191f0574a4d900e1a3603b1e0f) Importer(815301076,1909f56bfc062723c751e8b465ee728b)  -> (artifact id: '55cff727eca7f18bddece6a0b02b8ae7') in 0.004751 seconds 
  Import took 0.006848 seconds .

========================================================================
Received Import Request.
  Time since last request: 0.000286 seconds.
  path: Assets/Materials/Wiretest/Pipe.mat
  artifactKey: Guid(054a76541b4aa4f4bbef1142aa5fd150) Importer(815301076,1909f56bfc062723c751e8b465ee728b)
Start importing Assets/Materials/Wiretest/Pipe.mat using Guid(054a76541b4aa4f4bbef1142aa5fd150) Importer(815301076,1909f56bfc062723c751e8b465ee728b)  -> (artifact id: '7c10ceedbf1daf1e660513ec763efaae') in 0.004064 seconds 
  Import took 0.005757 seconds .

========================================================================
Received Import Request.
  Time since last request: 0.000230 seconds.
  path: Assets/Materials/Wiretest/IN.mat
  artifactKey: Guid(5435ac1cfa001604c938ecb1eccad8bd) Importer(815301076,1909f56bfc062723c751e8b465ee728b)
Start importing Assets/Materials/Wiretest/IN.mat using Guid(5435ac1cfa001604c938ecb1eccad8bd) Importer(815301076,1909f56bfc062723c751e8b465ee728b)  -> (artifact id: '623b3ae4844a2bab967a86435ec1bf3b') in 0.005428 seconds 
  Import took 0.007347 seconds .

========================================================================
Received Import Request.
  Time since last request: 0.000138 seconds.
  path: Assets/Materials/Wiretest/OUT.mat
  artifactKey: Guid(d4a625ef71daaf94397e5c51fda509b5) Importer(815301076,1909f56bfc062723c751e8b465ee728b)
Start importing Assets/Materials/Wiretest/OUT.mat using Guid(d4a625ef71daaf94397e5c51fda509b5) Importer(815301076,1909f56bfc062723c751e8b465ee728b)  -> (artifact id: 'edf5290be3182f5367227aee62b6594d') in 0.004148 seconds 
  Import took 0.006113 seconds .

========================================================================
Received Import Request.
  Time since last request: 16.795126 seconds.
  path: Assets/Materials/MainScene
  artifactKey: Guid(2d7fd37eaea728d43bd5bbc7136506f2) Importer(815301076,1909f56bfc062723c751e8b465ee728b)
Start importing Assets/Materials/MainScene using Guid(2d7fd37eaea728d43bd5bbc7136506f2) Importer(815301076,1909f56bfc062723c751e8b465ee728b)  -> (artifact id: '6a4d1bdc03160324a3a86416b0e6bbae') in 0.001197 seconds 
  Import took 0.003426 seconds .

========================================================================
Received Import Request.
  Time since last request: 0.000243 seconds.
  path: Assets/Materials/MainScene
  artifactKey: Guid(2d7fd37eaea728d43bd5bbc7136506f2) Importer(815301076,1909f56bfc062723c751e8b465ee728b)
Start importing Assets/Materials/MainScene using Guid(2d7fd37eaea728d43bd5bbc7136506f2) Importer(815301076,1909f56bfc062723c751e8b465ee728b)  -> (artifact id: '6a4d1bdc03160324a3a86416b0e6bbae') in 0.001009 seconds 
  Import took 0.002774 seconds .

========================================================================
Received Import Request.
  Time since last request: 20.231504 seconds.
  path: Assets/Materials/MainScene/Back Board.mat
  artifactKey: Guid(d6dea31656caed14788e515b141223bc) Importer(815301076,1909f56bfc062723c751e8b465ee728b)
Start importing Assets/Materials/MainScene/Back Board.mat using Guid(d6dea31656caed14788e515b141223bc) Importer(815301076,1909f56bfc062723c751e8b465ee728b)  -> (artifact id: '4bd858c41cc9aa1fb7b424724be02f79') in 0.006187 seconds 
  Import took 0.008445 seconds .

