Using pre-set license
Built from '2020.3/release' branch; Version is '2020.3.12f1 (b3b2c6512326) revision 11776710'; Using compiler version '192528614'; Build Type 'Release'
OS: 'Windows 10 Home; OS build 19043.1348; Version 2009; 64bit' Language: 'ja' Physical Memory: 32669 MB
BatchMode: 1, IsHumanControllingUs: 0, StartBugReporterOnCrash: 0, Is64bit: 1, IsPro: 0

 COMMAND LINE ARGUMENTS:
C:\Program Files\Unity\Hub\Editor\2020.3.12f1\Editor\Unity.exe
-adb2
-batchMode
-noUpm
-name
AssetImportWorker0
-projectPath
D:/Documents/GitHub/Unity_JumperWireGame/JumperWireGame
-logFile
Logs/AssetImportWorker0.log
-srvPort
49735
Successfully changed project path to: D:/Documents/GitHub/Unity_JumperWireGame/JumperWireGame
D:/Documents/GitHub/Unity_JumperWireGame/JumperWireGame
Using Asset Import Pipeline V2.
Refreshing native plugins compatible for Editor in 25.68 ms, found 2 plugins.
Preloading 0 native plugins for Editor in 0.00 ms.
Initialize engine version: 2020.3.12f1 (b3b2c6512326)
[Subsystems] Discovering subsystems at path C:/Program Files/Unity/Hub/Editor/2020.3.12f1/Editor/Data/Resources/UnitySubsystems
[Subsystems] Discovering subsystems at path D:/Documents/GitHub/Unity_JumperWireGame/JumperWireGame/Assets
GfxDevice: creating device client; threaded=0
Direct3D:
    Version:  Direct3D 11.0 [level 11.1]
    Renderer: NVIDIA GeForce RTX 3070 (ID=0x2484)
    Vendor:   
    VRAM:     8043 MB
    Driver:   27.21.14.6172
Initialize mono
Mono path[0] = 'C:/Program Files/Unity/Hub/Editor/2020.3.12f1/Editor/Data/Managed'
Mono path[1] = 'C:/Program Files/Unity/Hub/Editor/2020.3.12f1/Editor/Data/MonoBleedingEdge/lib/mono/unityjit'
Mono config path = 'C:/Program Files/Unity/Hub/Editor/2020.3.12f1/Editor/Data/MonoBleedingEdge/etc'
Using monoOptions --debugger-agent=transport=dt_socket,embedding=1,server=y,suspend=n,address=127.0.0.1:56376
Begin MonoManager ReloadAssembly
Registering precompiled unity dll's ...
Register platform support module: C:/Program Files/Unity/Hub/Editor/2020.3.12f1/Editor/Data/PlaybackEngines/WebGLSupport/UnityEditor.WebGL.Extensions.dll
Register platform support module: C:/Program Files/Unity/Hub/Editor/2020.3.12f1/Editor/Data/PlaybackEngines/WindowsStandaloneSupport/UnityEditor.WindowsStandalone.Extensions.dll
Registered in 0.001748 seconds.
Native extension for WindowsStandalone target not found
Native extension for WebGL target not found
Refreshing native plugins compatible for Editor in 24.80 ms, found 2 plugins.
Preloading 0 native plugins for Editor in 0.00 ms.
Mono: successfully reloaded assembly
- Completed reload, in  0.764 seconds
Platform modules already initialized, skipping
Registering precompiled user dll's ...
Registered in 0.002494 seconds.
Begin MonoManager ReloadAssembly
Native extension for WindowsStandalone target not found
Native extension for WebGL target not found
Refreshing native plugins compatible for Editor in 0.32 ms, found 2 plugins.
Preloading 0 native plugins for Editor in 0.00 ms.
Mono: successfully reloaded assembly
- Completed reload, in  0.751 seconds
Platform modules already initialized, skipping
========================================================================
Worker process is ready to serve import requests
Launched and connected shader compiler UnityShaderCompiler.exe after 0.03 seconds
Refreshing native plugins compatible for Editor in 0.31 ms, found 2 plugins.
Preloading 0 native plugins for Editor in 0.00 ms.
Unloading 1780 Unused Serialized files (Serialized files now loaded: 0)
System memory in use before: 81.8 MB.
System memory in use after: 81.9 MB.

Unloading 19 unused Assets to reduce memory usage. Loaded Objects now: 2217.
Total: 1.566900 ms (FindLiveObjects: 0.160000 ms CreateObjectMapping: 0.050500 ms MarkObjects: 1.285500 ms  DeleteObjects: 0.070300 ms)

AssetImportParameters requested are different than current active one (requested -> active):
  custom:framework-win-MediaFoundation: 216162199b28c13a410421893ffa2e32 -> 
  custom:video-decoder-ogg-theora: a1e56fd34408186e4bbccfd4996cb3dc -> 
  custom:container-muxer-webm: aa71ff27fc2769a1b78a27578f13a17b -> 
  custom:container-demuxer-webm: 4f35f7cbe854078d1ac9338744f61a02 -> 
  custom:container-demuxer-ogg: 62fdf1f143b41e24485cea50d1cbac27 -> 
  custom:video-encoder-webm-vp8: eb34c28f22e8b96e1ab97ce403110664 -> 
  custom:video-decoder-webm-vp8: 9c59270c3fd7afecdb556c50c9e8de78 -> 
  custom:audio-decoder-ogg-vorbis: bf7c407c2cedff20999df2af8eb42d56 -> 
  custom:audio-encoder-webm-vorbis: bf7c407c2cedff20999df2af8eb42d56 -> 
========================================================================
Received Import Request.
  path: Assets/Prefab/Bucket.prefab
  artifactKey: Guid(5324c45167064cb4d90adec26cd977ce) Importer(815301076,1909f56bfc062723c751e8b465ee728b)
Start importing Assets/Prefab/Bucket.prefab using Guid(5324c45167064cb4d90adec26cd977ce) Importer(815301076,1909f56bfc062723c751e8b465ee728b)  -> (artifact id: '2e23f8a7e1949766ee139392aa3844ac') in 0.034739 seconds 
  Import took 0.036759 seconds .

========================================================================
Received Import Request.
  Time since last request: 160.869696 seconds.
  path: Assets/Prefab/Bucket.prefab
  artifactKey: Guid(5324c45167064cb4d90adec26cd977ce) Importer(815301076,1909f56bfc062723c751e8b465ee728b)
Start importing Assets/Prefab/Bucket.prefab using Guid(5324c45167064cb4d90adec26cd977ce) Importer(815301076,1909f56bfc062723c751e8b465ee728b)  -> (artifact id: '45289be0c7d2ec864d98c717a57dd6ed') in 0.002992 seconds 
  Import took 0.005040 seconds .

========================================================================
Received Import Request.
  Time since last request: 3.824735 seconds.
  path: Assets/Prefab/Bucket.prefab
  artifactKey: Guid(5324c45167064cb4d90adec26cd977ce) Importer(815301076,1909f56bfc062723c751e8b465ee728b)
Start importing Assets/Prefab/Bucket.prefab using Guid(5324c45167064cb4d90adec26cd977ce) Importer(815301076,1909f56bfc062723c751e8b465ee728b)  -> (artifact id: 'b06fc22618615a9baa4e2548b99cff15') in 0.003431 seconds 
  Import took 0.005467 seconds .

========================================================================
Received Import Request.
  Time since last request: 4.654717 seconds.
  path: Assets/Prefab/Bucket.prefab
  artifactKey: Guid(5324c45167064cb4d90adec26cd977ce) Importer(815301076,1909f56bfc062723c751e8b465ee728b)
Start importing Assets/Prefab/Bucket.prefab using Guid(5324c45167064cb4d90adec26cd977ce) Importer(815301076,1909f56bfc062723c751e8b465ee728b)  -> (artifact id: 'cc2244e16b13e82ab77d7647ad6e8d14') in 0.002993 seconds 
  Import took 0.005026 seconds .

========================================================================
Received Import Request.
  Time since last request: 21.571028 seconds.
  path: Assets/Materials/MainScene/Red.mat
  artifactKey: Guid(bc8f5981ddb96554cb7ed97603dafc5b) Importer(815301076,1909f56bfc062723c751e8b465ee728b)
Start importing Assets/Materials/MainScene/Red.mat using Guid(bc8f5981ddb96554cb7ed97603dafc5b) Importer(815301076,1909f56bfc062723c751e8b465ee728b)  -> (artifact id: '6e7cf4ff2cbc09030f186107413bf46a') in 0.049060 seconds 
  Import took 0.051545 seconds .

========================================================================
Received Import Request.
  Time since last request: 7.522892 seconds.
  path: Assets/Materials/MainScene/Green.mat
  artifactKey: Guid(0b1cb09231ff264408d5fd77f2f75935) Importer(815301076,1909f56bfc062723c751e8b465ee728b)
Start importing Assets/Materials/MainScene/Green.mat using Guid(0b1cb09231ff264408d5fd77f2f75935) Importer(815301076,1909f56bfc062723c751e8b465ee728b)  -> (artifact id: 'ff356ae000785c7836312de97b0c7f19') in 0.006724 seconds 
  Import took 0.008992 seconds .

========================================================================
Received Import Request.
  Time since last request: 50.599279 seconds.
  path: Assets/Materials/MainScene/Green.mat
  artifactKey: Guid(0b1cb09231ff264408d5fd77f2f75935) Importer(815301076,1909f56bfc062723c751e8b465ee728b)
Start importing Assets/Materials/MainScene/Green.mat using Guid(0b1cb09231ff264408d5fd77f2f75935) Importer(815301076,1909f56bfc062723c751e8b465ee728b)  -> (artifact id: 'b7943583dae86e305389c2a93a3d7c04') in 0.005547 seconds 
  Import took 0.007995 seconds .

========================================================================
Received Import Request.
  Time since last request: 0.000178 seconds.
  path: Assets/Materials/MainScene/Red.mat
  artifactKey: Guid(bc8f5981ddb96554cb7ed97603dafc5b) Importer(815301076,1909f56bfc062723c751e8b465ee728b)
Start importing Assets/Materials/MainScene/Red.mat using Guid(bc8f5981ddb96554cb7ed97603dafc5b) Importer(815301076,1909f56bfc062723c751e8b465ee728b)  -> (artifact id: 'f35db3c20490a9a4ce5140c041bcd19d') in 0.010717 seconds 
  Import took 0.012808 seconds .

